<?xml version="1.0" encoding="UTF-8"?>
<testsuite name="com.olgaboiar.guacomole.ServerRunnerTest" tests="1" skipped="0" failures="0" errors="0" timestamp="2019-01-21T14:06:09" hostname="Olgas-MacBook-Pro.local" time="0.007">
  <properties/>
  <testcase name="testServerIsReachable()" classname="com.olgaboiar.guacomole.ServerRunnerTest" time="0.007"/>
  <system-out><![CDATA[]]></system-out>
  <system-err><![CDATA[]]></system-err>
</testsuite>
