<?xml version="1.0" encoding="UTF-8"?>
<testsuite name="com.olgaboiar.guacomole.EchoServerTest" tests="2" skipped="0" failures="0" errors="0" timestamp="2019-01-18T19:46:36" hostname="Olgas-MacBook-Pro.local" time="1.061">
  <properties/>
  <testcase name="testServerReturnsByeWhenClientSentBye()" classname="com.olgaboiar.guacomole.EchoServerTest" time="0.53"/>
  <testcase name="testServerReturnsHelloWhenClientSentHello()" classname="com.olgaboiar.guacomole.EchoServerTest" time="0.529"/>
  <system-out><![CDATA[]]></system-out>
  <system-err><![CDATA[]]></system-err>
</testsuite>
