<?xml version="1.0" encoding="UTF-8"?>
<testsuite name="com.olgaboiar.guacomole.EchoServerTest" tests="2" skipped="0" failures="0" errors="0" timestamp="2019-01-17T19:57:39" hostname="Olgas-MacBook-Pro.local" time="1.536">
  <properties/>
  <testcase name="testServerAcceptsClientConnection()" classname="com.olgaboiar.guacomole.EchoServerTest" time="0.513"/>
  <testcase name="testServerReturnsHelloWhenClientSentHello()" classname="com.olgaboiar.guacomole.EchoServerTest" time="1.022"/>
  <system-out><![CDATA[]]></system-out>
  <system-err><![CDATA[]]></system-err>
</testsuite>
